Form d:\workinggst\control centre\control centre_050918\control.scx has the following errors:
    Unknown ONDECRYPT - Undefined
    Unknown DEC - Undefined
    Unknown BARSTAT - Undefined
    Unknown ENC - Undefined
    Unknown ONENCRYPT - Undefined
    Unknown NEWDECRY - Undefined
    Unknown UEGETPOP - Undefined

Form d:\workinggst\control centre\control centre_050918\controls_accounts.scx has the following errors:
    Unknown BARSTAT - Undefined

Form d:\workinggst\control centre\control centre_050918\controls_inventory.scx has the following errors:
    Unknown BARSTAT - Undefined
    Unknown UEGETPOP - Undefined
    Visual Class Library VOUCLASS - Undefined

Form d:\workinggst\control centre\control centre_050918\controls_itemfield.scx has the following errors:
    Unknown BARSTAT - Undefined

Form d:\workinggst\control centre\control centre_050918\frmnegbal.scx has the following errors:
    Unknown BARSTAT - Undefined

Program d:\workinggst\control centre\control centre_050918\control.prg has the following errors:
    Unknown APPVERCHK - Undefined

Visual Class Library d:\workinggst\control centre\control centre_050918\_base.vcx has the following errors:
    Program SETOBJRF - Undefined

Form d:\workinggst\control centre\control centre_050918\frmmultiuom.scx has the following errors:
    Unknown BARSTAT - Undefined

Form d:\workinggst\control centre\control centre_050918\frmmulticurrency.scx has the following errors:
    Unknown BARSTAT - Undefined
    Unknown UEGETPOP - Undefined

Form d:\workinggst\control centre\control centre_050918\frmsms.scx has the following errors:
    Unknown BARSTAT - Undefined
    Unknown UEGETPOP - Undefined

Form d:\workinggst\control centre\control centre_050918\control_setinvfldlenght.scx has the following errors:
    Unknown BARSTAT - Undefined

Form d:\workinggst\control centre\control centre_050918\controls_barcode.scx has the following errors:
    Unknown BARSTAT - Undefined
    Unknown UEGETPOP - Undefined

Form d:\workinggst\control centre\control centre_050918\frmgstinautho.scx has the following errors:
    Unknown ONDECRYPT - Undefined
    Unknown DEC - Undefined
    Unknown BARSTAT - Undefined
    Unknown ENC - Undefined
    Unknown ONENCRYPT - Undefined

