Form e:\svnprojects\au 2.1.2\co_mast\co_mast.scx has the following errors:
    Unknown BARSTAT - Undefined
    Unknown NEWENCRY - Undefined
    Unknown NEWDECRY - Undefined
    Proc./Func. READINFFILE - Undefined
    Unknown MVAR - Undefined
    Unknown DECODER - Undefined
    Unknown LAFIELDS - Undefined

Form e:\svnprojects\au 2.1.2\co_mast\sel_prod.scx has the following errors:
    Unknown BARSTAT - Undefined
    Unknown NEWDECRY - Undefined
    Unknown GETPRIVSTR - Undefined

Form e:\svnprojects\au 2.1.2\co_mast\manufact.scx has the following errors:
    Unknown BARSTAT - Undefined

Program e:\svnprojects\au 2.1.2\co_mast\co_mast.prg has the following errors:
    Unknown APPVERCHK - Undefined

Form e:\svnprojects\au 2.1.2\co_mast\eoudetails.scx has the following errors:
    Unknown BARSTAT - Undefined

Form e:\svnprojects\au 2.1.2\co_mast\frmextrading.scx has the following errors:
    Unknown BARSTAT - Undefined

Visual Class Library e:\svnprojects\au 2.1.2\co_mast\_base.vcx has the following errors:
    Program SETOBJRF - Undefined

Form e:\svnprojects\au 2.1.2\co_mast\frmsrvdetail.scx has the following errors:
    Unknown BARSTAT - Undefined

Form e:\svnprojects\au 2.1.2\co_mast\frmselvatstates.scx has the following errors:
    Unknown BARSTAT - Undefined

Form e:\svnprojects\au 2.1.2\co_mast\frmtdsdetail.scx has the following errors:
    Unknown BARSTAT - Undefined

Form e:\svnprojects\au 2.1.2\co_mast\sel_prod_new.scx has the following errors:
    Unknown BARSTAT - Undefined
    Unknown NEWENCRY - Undefined
    Unknown NEWDECRY - Undefined
    Unknown GETPRIVSTR - Undefined

Form e:\svnprojects\au 2.1.2\co_mast\frmvatdetail.scx has the following errors:
    Unknown BARSTAT - Undefined

Form e:\svnprojects\au 2.1.2\co_mast\frmothdetails.scx has the following errors:
    Unknown BARSTAT - Undefined

Form e:\svnprojects\au 2.1.2\co_mast\sel_industry.scx has the following errors:
    Unknown BARSTAT - Undefined
    Unknown NEWDECRY - Undefined

Form e:\svnprojects\au 2.1.2\co_mast\frmgstdetails.scx has the following errors:
    Unknown BARSTAT - Undefined

Form e:\svnprojects\au 2.1.2\co_mast\frmpharmaretails.scx has the following errors:
    Unknown BARSTAT - Undefined

Form e:\svnprojects\au 2.1.2\co_mast\sel_industry2.scx has the following errors:
    Unknown BARSTAT - Undefined
    Unknown NEWDECRY - Undefined

