Program d:\1 development\registration\working folder for bug-31756\ueregistration.prg has the following errors:
    Visual Class Library SQLCONNECTION - Undefined
    Unknown NEWDECRY - Undefined
    Unknown DEC - Undefined
    Unknown APPVERCHK - Undefined
    Proc./Func. READINFFILE - Undefined
    Unknown ENC - Undefined
    Unknown NEWENCRY - Undefined

Form d:\1 development\registration\working folder for bug-31756\frmregistration1.scx has the following errors:
    Unknown NEWDECRY - Undefined
    Unknown DEC - Undefined
    Unknown ENC - Undefined
    Unknown NEWENCRY - Undefined
    Unknown GETMACHINEDETAILS - Undefined

Form d:\1 development\registration\working folder for bug-31756\frmregistration2.scx has the following errors:
    Unknown NEWDECRY - Undefined
    Unknown DEC - Undefined
    Unknown ENC - Undefined
    Unknown NEWENCRY - Undefined
    Unknown GETMACHINEDETAILS - Undefined

